<?xml version="1.0" encoding="UTF-8"?>
<testsuite xmlns:xsi="http://www.w3.org/2001/XMLSchema-instance" xsi:noNamespaceSchemaLocation="https://maven.apache.org/surefire/maven-surefire-plugin/xsd/surefire-test-report-3.0.xsd" version="3.0" name="no.ntnu.idatg2001.mappe_2_hospital.db.PatientControllerTest" time="3.101" tests="6" errors="0" skipped="0" failures="0">
  <properties>
    <property name="java.specification.version" value="14"/>
    <property name="sun.jnu.encoding" value="UTF-8"/>
    <property name="java.class.path" value="/Users/sanderbrekke/OneDrive - NTNU/V21/IDATG1002_Programmering_2/Prosjekter/mappe-del-2-hospital-gui-sanderob/target/test-classes:/Users/sanderbrekke/.m2/repository/org/eclipse/persistence/eclipselink/3.0.0/eclipselink-3.0.0.jar:/Users/sanderbrekke/.m2/repository/org/eclipse/persistence/org.eclipse.persistence.jpa/3.0.0/org.eclipse.persistence.jpa-3.0.0.jar:/Users/sanderbrekke/.m2/repository/org/eclipse/persistence/org.eclipse.persistence.asm/3.0.0/org.eclipse.persistence.asm-3.0.0.jar:/Users/sanderbrekke/.m2/repository/org/eclipse/persistence/org.eclipse.persistence.core/3.0.0/org.eclipse.persistence.core-3.0.0.jar:/Users/sanderbrekke/.m2/repository/org/eclipse/persistence/org.eclipse.persistence.jpa.jpql/3.0.0/org.eclipse.persistence.jpa.jpql-3.0.0.jar:/Users/sanderbrekke/.m2/repository/mysql/mysql-connector-java/8.0.23/mysql-connector-java-8.0.23.jar:/Users/sanderbrekke/.m2/repository/com/google/protobuf/protobuf-java/3.11.4/protobuf-java-3.11.4.jar:/Users/sanderbrekke/.m2/repository/org/openjfx/javafx-fxml/16/javafx-fxml-16.jar:/Users/sanderbrekke/.m2/repository/org/openjfx/javafx-controls/16/javafx-controls-16.jar:/Users/sanderbrekke/.m2/repository/org/openjfx/javafx-graphics/16/javafx-graphics-16.jar:/Users/sanderbrekke/.m2/repository/org/openjfx/javafx-base/16/javafx-base-16.jar:/Users/sanderbrekke/.m2/repository/org/apache/derby/derby/10.15.2.0/derby-10.15.2.0.jar:/Users/sanderbrekke/.m2/repository/org/apache/derby/derbyshared/10.15.2.0/derbyshared-10.15.2.0.jar:/Users/sanderbrekke/.m2/repository/org/apache/derby/derbytools/10.15.2.0/derbytools-10.15.2.0.jar:/Users/sanderbrekke/.m2/repository/org/junit/jupiter/junit-jupiter/5.8.0-M1/junit-jupiter-5.8.0-M1.jar:/Users/sanderbrekke/.m2/repository/org/junit/jupiter/junit-jupiter-api/5.8.0-M1/junit-jupiter-api-5.8.0-M1.jar:/Users/sanderbrekke/.m2/repository/org/apiguardian/apiguardian-api/1.1.1/apiguardian-api-1.1.1.jar:/Users/sanderbrekke/.m2/repository/org/opentest4j/opentest4j/1.2.0/opentest4j-1.2.0.jar:/Users/sanderbrekke/.m2/repository/org/junit/platform/junit-platform-commons/1.8.0-M1/junit-platform-commons-1.8.0-M1.jar:/Users/sanderbrekke/.m2/repository/org/junit/jupiter/junit-jupiter-params/5.8.0-M1/junit-jupiter-params-5.8.0-M1.jar:/Users/sanderbrekke/.m2/repository/org/junit/jupiter/junit-jupiter-engine/5.8.0-M1/junit-jupiter-engine-5.8.0-M1.jar:/Users/sanderbrekke/.m2/repository/org/junit/platform/junit-platform-engine/1.8.0-M1/junit-platform-engine-1.8.0-M1.jar:/Users/sanderbrekke/.m2/repository/org/jetbrains/kotlin/kotlin-stdlib-jdk8/1.4.20/kotlin-stdlib-jdk8-1.4.20.jar:/Users/sanderbrekke/.m2/repository/org/jetbrains/kotlin/kotlin-stdlib/1.4.20/kotlin-stdlib-1.4.20.jar:/Users/sanderbrekke/.m2/repository/org/jetbrains/kotlin/kotlin-stdlib-common/1.4.20/kotlin-stdlib-common-1.4.20.jar:/Users/sanderbrekke/.m2/repository/org/jetbrains/annotations/13.0/annotations-13.0.jar:/Users/sanderbrekke/.m2/repository/org/jetbrains/kotlin/kotlin-stdlib-jdk7/1.4.20/kotlin-stdlib-jdk7-1.4.20.jar:"/>
    <property name="java.vm.vendor" value="AdoptOpenJDK"/>
    <property name="sun.arch.data.model" value="64"/>
    <property name="java.vendor.url" value="https://adoptopenjdk.net/"/>
    <property name="os.name" value="Mac OS X"/>
    <property name="java.vm.specification.version" value="14"/>
    <property name="sun.java.launcher" value="SUN_STANDARD"/>
    <property name="user.country" value="GB"/>
    <property name="sun.boot.library.path" value="/Users/sanderbrekke/Library/Java/JavaVirtualMachines/adopt-openjdk-14.0.2/Contents/Home/lib"/>
    <property name="sun.java.command" value="org.apache.maven.surefire.booter.ForkedBooter /Users/sanderbrekke/OneDrive - NTNU/V21/IDATG1002_Programmering_2/Prosjekter/mappe-del-2-hospital-gui-sanderob/target/surefire 2021-05-11T14-07-42_685-jvmRun1 surefire2621447467591070198tmp surefire_09329810324329846324tmp"/>
    <property name="http.nonProxyHosts" value="local|*.local|169.254/16|*.169.254/16"/>
    <property name="jdk.debug" value="release"/>
    <property name="surefire.test.class.path" value="/Users/sanderbrekke/OneDrive - NTNU/V21/IDATG1002_Programmering_2/Prosjekter/mappe-del-2-hospital-gui-sanderob/target/test-classes:/Users/sanderbrekke/.m2/repository/org/eclipse/persistence/eclipselink/3.0.0/eclipselink-3.0.0.jar:/Users/sanderbrekke/.m2/repository/org/eclipse/persistence/org.eclipse.persistence.jpa/3.0.0/org.eclipse.persistence.jpa-3.0.0.jar:/Users/sanderbrekke/.m2/repository/org/eclipse/persistence/org.eclipse.persistence.asm/3.0.0/org.eclipse.persistence.asm-3.0.0.jar:/Users/sanderbrekke/.m2/repository/org/eclipse/persistence/org.eclipse.persistence.core/3.0.0/org.eclipse.persistence.core-3.0.0.jar:/Users/sanderbrekke/.m2/repository/org/eclipse/persistence/org.eclipse.persistence.jpa.jpql/3.0.0/org.eclipse.persistence.jpa.jpql-3.0.0.jar:/Users/sanderbrekke/.m2/repository/mysql/mysql-connector-java/8.0.23/mysql-connector-java-8.0.23.jar:/Users/sanderbrekke/.m2/repository/com/google/protobuf/protobuf-java/3.11.4/protobuf-java-3.11.4.jar:/Users/sanderbrekke/.m2/repository/org/openjfx/javafx-fxml/16/javafx-fxml-16.jar:/Users/sanderbrekke/.m2/repository/org/openjfx/javafx-controls/16/javafx-controls-16.jar:/Users/sanderbrekke/.m2/repository/org/openjfx/javafx-graphics/16/javafx-graphics-16.jar:/Users/sanderbrekke/.m2/repository/org/openjfx/javafx-base/16/javafx-base-16.jar:/Users/sanderbrekke/.m2/repository/org/apache/derby/derby/10.15.2.0/derby-10.15.2.0.jar:/Users/sanderbrekke/.m2/repository/org/apache/derby/derbyshared/10.15.2.0/derbyshared-10.15.2.0.jar:/Users/sanderbrekke/.m2/repository/org/apache/derby/derbytools/10.15.2.0/derbytools-10.15.2.0.jar:/Users/sanderbrekke/.m2/repository/org/junit/jupiter/junit-jupiter/5.8.0-M1/junit-jupiter-5.8.0-M1.jar:/Users/sanderbrekke/.m2/repository/org/junit/jupiter/junit-jupiter-api/5.8.0-M1/junit-jupiter-api-5.8.0-M1.jar:/Users/sanderbrekke/.m2/repository/org/apiguardian/apiguardian-api/1.1.1/apiguardian-api-1.1.1.jar:/Users/sanderbrekke/.m2/repository/org/opentest4j/opentest4j/1.2.0/opentest4j-1.2.0.jar:/Users/sanderbrekke/.m2/repository/org/junit/platform/junit-platform-commons/1.8.0-M1/junit-platform-commons-1.8.0-M1.jar:/Users/sanderbrekke/.m2/repository/org/junit/jupiter/junit-jupiter-params/5.8.0-M1/junit-jupiter-params-5.8.0-M1.jar:/Users/sanderbrekke/.m2/repository/org/junit/jupiter/junit-jupiter-engine/5.8.0-M1/junit-jupiter-engine-5.8.0-M1.jar:/Users/sanderbrekke/.m2/repository/org/junit/platform/junit-platform-engine/1.8.0-M1/junit-platform-engine-1.8.0-M1.jar:/Users/sanderbrekke/.m2/repository/org/jetbrains/kotlin/kotlin-stdlib-jdk8/1.4.20/kotlin-stdlib-jdk8-1.4.20.jar:/Users/sanderbrekke/.m2/repository/org/jetbrains/kotlin/kotlin-stdlib/1.4.20/kotlin-stdlib-1.4.20.jar:/Users/sanderbrekke/.m2/repository/org/jetbrains/kotlin/kotlin-stdlib-common/1.4.20/kotlin-stdlib-common-1.4.20.jar:/Users/sanderbrekke/.m2/repository/org/jetbrains/annotations/13.0/annotations-13.0.jar:/Users/sanderbrekke/.m2/repository/org/jetbrains/kotlin/kotlin-stdlib-jdk7/1.4.20/kotlin-stdlib-jdk7-1.4.20.jar:"/>
    <property name="sun.cpu.endian" value="little"/>
    <property name="user.home" value="/Users/sanderbrekke"/>
    <property name="user.language" value="en"/>
    <property name="java.specification.vendor" value="Oracle Corporation"/>
    <property name="jdk.module.path" value="/Users/sanderbrekke/OneDrive - NTNU/V21/IDATG1002_Programmering_2/Prosjekter/mappe-del-2-hospital-gui-sanderob/target/classes:/Users/sanderbrekke/.m2/repository/jakarta/persistence/jakarta.persistence-api/3.0.0/jakarta.persistence-api-3.0.0.jar:/Users/sanderbrekke/.m2/repository/org/openjfx/javafx-fxml/16/javafx-fxml-16-mac.jar:/Users/sanderbrekke/.m2/repository/org/openjfx/javafx-controls/16/javafx-controls-16-mac.jar:/Users/sanderbrekke/.m2/repository/org/openjfx/javafx-graphics/16/javafx-graphics-16-mac.jar:/Users/sanderbrekke/.m2/repository/org/openjfx/javafx-base/16/javafx-base-16-mac.jar"/>
    <property name="java.version.date" value="2020-07-14"/>
    <property name="java.home" value="/Users/sanderbrekke/Library/Java/JavaVirtualMachines/adopt-openjdk-14.0.2/Contents/Home"/>
    <property name="file.separator" value="/"/>
    <property name="basedir" value="/Users/sanderbrekke/OneDrive - NTNU/V21/IDATG1002_Programmering_2/Prosjekter/mappe-del-2-hospital-gui-sanderob"/>
    <property name="java.vm.compressedOopsMode" value="Zero based"/>
    <property name="line.separator" value="&#10;"/>
    <property name="java.vm.specification.vendor" value="Oracle Corporation"/>
    <property name="java.specification.name" value="Java Platform API Specification"/>
    <property name="surefire.real.class.path" value="/Users/sanderbrekke/.m2/repository/org/apache/maven/surefire/surefire-booter/3.0.0-M3/surefire-booter-3.0.0-M3.jar:/Users/sanderbrekke/.m2/repository/org/apache/maven/surefire/surefire-api/3.0.0-M3/surefire-api-3.0.0-M3.jar:/Users/sanderbrekke/.m2/repository/org/apache/maven/surefire/surefire-logger-api/3.0.0-M3/surefire-logger-api-3.0.0-M3.jar:/Users/sanderbrekke/OneDrive - NTNU/V21/IDATG1002_Programmering_2/Prosjekter/mappe-del-2-hospital-gui-sanderob/target/test-classes:/Users/sanderbrekke/.m2/repository/org/eclipse/persistence/eclipselink/3.0.0/eclipselink-3.0.0.jar:/Users/sanderbrekke/.m2/repository/org/eclipse/persistence/org.eclipse.persistence.jpa/3.0.0/org.eclipse.persistence.jpa-3.0.0.jar:/Users/sanderbrekke/.m2/repository/org/eclipse/persistence/org.eclipse.persistence.asm/3.0.0/org.eclipse.persistence.asm-3.0.0.jar:/Users/sanderbrekke/.m2/repository/org/eclipse/persistence/org.eclipse.persistence.core/3.0.0/org.eclipse.persistence.core-3.0.0.jar:/Users/sanderbrekke/.m2/repository/org/eclipse/persistence/org.eclipse.persistence.jpa.jpql/3.0.0/org.eclipse.persistence.jpa.jpql-3.0.0.jar:/Users/sanderbrekke/.m2/repository/mysql/mysql-connector-java/8.0.23/mysql-connector-java-8.0.23.jar:/Users/sanderbrekke/.m2/repository/com/google/protobuf/protobuf-java/3.11.4/protobuf-java-3.11.4.jar:/Users/sanderbrekke/.m2/repository/org/openjfx/javafx-fxml/16/javafx-fxml-16.jar:/Users/sanderbrekke/.m2/repository/org/openjfx/javafx-controls/16/javafx-controls-16.jar:/Users/sanderbrekke/.m2/repository/org/openjfx/javafx-graphics/16/javafx-graphics-16.jar:/Users/sanderbrekke/.m2/repository/org/openjfx/javafx-base/16/javafx-base-16.jar:/Users/sanderbrekke/.m2/repository/org/apache/derby/derby/10.15.2.0/derby-10.15.2.0.jar:/Users/sanderbrekke/.m2/repository/org/apache/derby/derbyshared/10.15.2.0/derbyshared-10.15.2.0.jar:/Users/sanderbrekke/.m2/repository/org/apache/derby/derbytools/10.15.2.0/derbytools-10.15.2.0.jar:/Users/sanderbrekke/.m2/repository/org/junit/jupiter/junit-jupiter/5.8.0-M1/junit-jupiter-5.8.0-M1.jar:/Users/sanderbrekke/.m2/repository/org/junit/jupiter/junit-jupiter-api/5.8.0-M1/junit-jupiter-api-5.8.0-M1.jar:/Users/sanderbrekke/.m2/repository/org/apiguardian/apiguardian-api/1.1.1/apiguardian-api-1.1.1.jar:/Users/sanderbrekke/.m2/repository/org/opentest4j/opentest4j/1.2.0/opentest4j-1.2.0.jar:/Users/sanderbrekke/.m2/repository/org/junit/platform/junit-platform-commons/1.8.0-M1/junit-platform-commons-1.8.0-M1.jar:/Users/sanderbrekke/.m2/repository/org/junit/jupiter/junit-jupiter-params/5.8.0-M1/junit-jupiter-params-5.8.0-M1.jar:/Users/sanderbrekke/.m2/repository/org/junit/jupiter/junit-jupiter-engine/5.8.0-M1/junit-jupiter-engine-5.8.0-M1.jar:/Users/sanderbrekke/.m2/repository/org/junit/platform/junit-platform-engine/1.8.0-M1/junit-platform-engine-1.8.0-M1.jar:/Users/sanderbrekke/.m2/repository/org/jetbrains/kotlin/kotlin-stdlib-jdk8/1.4.20/kotlin-stdlib-jdk8-1.4.20.jar:/Users/sanderbrekke/.m2/repository/org/jetbrains/kotlin/kotlin-stdlib/1.4.20/kotlin-stdlib-1.4.20.jar:/Users/sanderbrekke/.m2/repository/org/jetbrains/kotlin/kotlin-stdlib-common/1.4.20/kotlin-stdlib-common-1.4.20.jar:/Users/sanderbrekke/.m2/repository/org/jetbrains/annotations/13.0/annotations-13.0.jar:/Users/sanderbrekke/.m2/repository/org/jetbrains/kotlin/kotlin-stdlib-jdk7/1.4.20/kotlin-stdlib-jdk7-1.4.20.jar:/Users/sanderbrekke/.m2/repository/org/apache/maven/surefire/surefire-junit-platform/3.0.0-M3/surefire-junit-platform-3.0.0-M3.jar:/Users/sanderbrekke/.m2/repository/org/apache/maven/surefire/common-java5/3.0.0-M3/common-java5-3.0.0-M3.jar:/Users/sanderbrekke/.m2/repository/org/junit/platform/junit-platform-launcher/1.3.1/junit-platform-launcher-1.3.1.jar"/>
    <property name="sun.management.compiler" value="HotSpot 64-Bit Tiered Compilers"/>
    <property name="ftp.nonProxyHosts" value="local|*.local|169.254/16|*.169.254/16"/>
    <property name="java.runtime.version" value="14.0.2+12"/>
    <property name="user.name" value="sanderbrekke"/>
    <property name="path.separator" value=":"/>
    <property name="os.version" value="10.16"/>
    <property name="java.runtime.name" value="OpenJDK Runtime Environment"/>
    <property name="file.encoding" value="UTF-8"/>
    <property name="java.vm.name" value="OpenJDK 64-Bit Server VM"/>
    <property name="java.vendor.version" value="AdoptOpenJDK"/>
    <property name="localRepository" value="/Users/sanderbrekke/.m2/repository"/>
    <property name="java.vendor.url.bug" value="https://github.com/AdoptOpenJDK/openjdk-support/issues"/>
    <property name="java.io.tmpdir" value="/var/folders/7f/5fg8wmy54q3cww4j7hl1_29r0000gn/T/"/>
    <property name="idea.version" value="2020.3.3"/>
    <property name="java.version" value="14.0.2"/>
    <property name="user.dir" value="/Users/sanderbrekke/OneDrive - NTNU/V21/IDATG1002_Programmering_2/Prosjekter/mappe-del-2-hospital-gui-sanderob"/>
    <property name="os.arch" value="x86_64"/>
    <property name="java.vm.specification.name" value="Java Virtual Machine Specification"/>
    <property name="java.library.path" value="/Users/sanderbrekke/Library/Java/Extensions:/Library/Java/Extensions:/Network/Library/Java/Extensions:/System/Library/Java/Extensions:/usr/lib/java:."/>
    <property name="java.vm.info" value="mixed mode"/>
    <property name="java.vendor" value="AdoptOpenJDK"/>
    <property name="java.vm.version" value="14.0.2+12"/>
    <property name="sun.io.unicode.encoding" value="UnicodeBig"/>
    <property name="socksNonProxyHosts" value="local|*.local|169.254/16|*.169.254/16"/>
    <property name="java.class.version" value="58.0"/>
  </properties>
  <testcase name="clearDatabaseTest" classname="no.ntnu.idatg2001.mappe_2_hospital.db.PatientControllerTest" time="1.113"/>
  <testcase name="removePatientTest" classname="no.ntnu.idatg2001.mappe_2_hospital.db.PatientControllerTest" time="0.408"/>
  <testcase name="updateDatabaseWithSocialNumberTest" classname="no.ntnu.idatg2001.mappe_2_hospital.db.PatientControllerTest" time="0.488"/>
  <testcase name="socialSecurityNumberExistsTest" classname="no.ntnu.idatg2001.mappe_2_hospital.db.PatientControllerTest" time="0.328"/>
  <testcase name="addPatientTest" classname="no.ntnu.idatg2001.mappe_2_hospital.db.PatientControllerTest" time="0.356"/>
  <testcase name="updateDatabaseWithoutSocialNumberTest" classname="no.ntnu.idatg2001.mappe_2_hospital.db.PatientControllerTest" time="0.403"/>
</testsuite>